<?xml version="1.0" encoding="UTF-8"?>
<!-- Generated by org.testng.reporters.JUnitXMLReporter -->
<testsuite hostname="DESKTOP-KVV1592" ignored="0" name="Default test" tests="3" failures="0" timestamp="04 Feb 2019 13:21:56 GMT" time="64.307" errors="0">
  <testcase name="validateLogin" time="4.101" classname="org.automation.testcases.TC001_ValidateLogin"/>
  <testcase name="validateLogin" time="17.068" classname="org.automation.testcases.TC001_ValidateLogin"/>
  <testcase name="validateLogin" time="3.028" classname="org.automation.testcases.TC001_ValidateLogin"/>
</testsuite> <!-- Default test -->
