<?xml version="1.0" encoding="UTF-8"?>
<testng-results skipped="0" failed="0" ignored="0" total="1" passed="1">
  <reporter-output>
  </reporter-output>
  <suite name="Default suite" duration-ms="37171" started-at="2017-12-04T18:09:46Z" finished-at="2017-12-04T18:10:23Z">
    <groups>
    </groups>
    <test name="Default test" duration-ms="37171" started-at="2017-12-04T18:09:46Z" finished-at="2017-12-04T18:10:23Z">
      <class name="org.automation.testcases.TC001_ValidateLogin">
        <test-method status="PASS" signature="initiateDriverInstance()[pri:0, instance:org.automation.testcases.TC001_ValidateLogin@4f7d0008]" name="initiateDriverInstance" is-config="true" duration-ms="10918" started-at="2017-12-04T23:39:47Z" finished-at="2017-12-04T23:39:58Z">
          <reporter-output>
          </reporter-output>
        </test-method> <!-- initiateDriverInstance -->
        <test-method status="PASS" signature="validateLogin(java.lang.String, java.lang.String)[pri:0, instance:org.automation.testcases.TC001_ValidateLogin@4f7d0008]" name="validateLogin" duration-ms="24961" started-at="2017-12-04T23:39:58Z" data-provider="XL" finished-at="2017-12-04T23:40:23Z">
          <params>
            <param index="0">
              <value>
                <![CDATA[shubhamgkp]]>
              </value>
            </param>
            <param index="1">
              <value>
                <![CDATA[George@2580]]>
              </value>
            </param>
          </params>
          <reporter-output>
          </reporter-output>
        </test-method> <!-- validateLogin -->
        <test-method status="PASS" signature="closeDriverInstance()[pri:0, instance:org.automation.testcases.TC001_ValidateLogin@4f7d0008]" name="closeDriverInstance" is-config="true" duration-ms="0" started-at="2017-12-04T23:40:23Z" finished-at="2017-12-04T23:40:23Z">
          <reporter-output>
          </reporter-output>
        </test-method> <!-- closeDriverInstance -->
      </class> <!-- org.automation.testcases.TC001_ValidateLogin -->
    </test> <!-- Default test -->
  </suite> <!-- Default suite -->
</testng-results>
